<?xml version="1.0" encoding="UTF-8"?>
<!-- Generated by org.testng.reporters.JUnitXMLReporter -->
<testsuite hostname="DESKTOP-37VS7P5" name="Car Loan" tests="7" failures="0" timestamp="16 Apr 2021 05:53:48 GMT" time="0.012" errors="0">
  <testcase name="WebloginCarLoan" time="0.0" classname="testcase.testcases3"/>
  <testcase name="LoginforWeb" time="0.0" classname="testcase.testcases3"/>
  <testcase name="MobilesignoutcarLoan" time="0.0" classname="testcase.testcases3"/>
  <testcase name="MobilesignoutcarLoan" time="0.0" classname="testcase.testcases3"/>
  <testcase name="MobilesignoutcarLoan" time="0.0" classname="testcase.testcases3"/>
  <testcase name="logformozilla" time="0.0" classname="testcase.testcases3"/>
  <testcase name="windowlogincarloan" time="0.0" classname="testcase.testcases3"/>
</testsuite> <!-- Car Loan -->
