<?xml version="1.0" encoding="UTF-8"?>
<!-- Generated by org.testng.reporters.JUnitXMLReporter -->
<testsuite hostname="DESKTOP-37VS7P5" name="personal loan" tests="3" failures="0" timestamp="22 Aug 2020 13:35:57 GMT" time="0.057" errors="0">
  <testcase name="voitre" time="0.009" classname="testcase.basics"/>
  <testcase name="voituretest" time="0.002" classname="testcase.basics"/>
  <testcase name="personalloan" time="0.004" classname="testcase.testcase2"/>
</testsuite> <!-- personal loan -->
